<?xml version="1.0" encoding="UTF-8"?>
<testsuite xmlns:xsi="http://www.w3.org/2001/XMLSchema-instance" xsi:noNamespaceSchemaLocation="https://maven.apache.org/surefire/maven-surefire-plugin/xsd/surefire-test-report.xsd" version="3.0.1" name="TestSuite" time="72.24" tests="4" errors="0" skipped="0" failures="0">
  <properties>
[...]
</properties>
  <testcase name="runScenario[&quot;Form Submission&quot;, &quot;Optional[HealthCare Program HAging Form]&quot;](1)" classname="TestRunner.MyTestRunner" time="35.998">
    <system-out><![CDATA[
@Regression
Scenario: Form Submission                                                                                                  &amp#27;[90m# src/test/resources/Features/forms.feature:24&amp#27;[0m
Browser launched before scenario
  &amp#27;[32mGiven &amp#27;[0m&amp#27;[32muser clicks on programs&amp#27;[0m                                                                                            &amp#27;[90m# StepDefinitions.StepDefinitions.user_clicks_on_programs()&amp#27;[0m
  &amp#27;[32mAnd &amp#27;[0m&amp#27;[32muser selects on healthaging&amp#27;[0m                                                                                          &amp#27;[90m# StepDefinitions.StepDefinitions.user_selects_on_healthaging()&amp#27;[0m
  &amp#27;[32mAnd &amp#27;[0m&amp#27;[32muser clicks on register here&amp#27;[0m                                                                                         &amp#27;[90m# StepDefinitions.StepDefinitions.user_clicks_on_register_here()&amp#27;[0m
  &amp#27;[32mAnd &amp#27;[0m&amp#27;[32muser enters firstname &amp#27;[0m&amp#27;[32m&amp#27;[1m"OMG"&amp#27;[0m                                                                                          &amp#27;[90m# StepDefinitions.StepDefinitions.user_enters_firstname(java.lang.String)&amp#27;[0m
  &amp#27;[32mAnd &amp#27;[0m&amp#27;[32muser enters lastname &amp#27;[0m&amp#27;[32m&amp#27;[1m"Jessy"&amp#27;[0m                                                                                         &amp#27;[90m# StepDefinitions.StepDefinitions.user_enters_lastname(java.lang.String)&amp#27;[0m
  &amp#27;[32mAnd &amp#27;[0m&amp#27;[32muser enters phoneno &amp#27;[0m&amp#27;[32m&amp#27;[1m"9876543211"&amp#27;[0m                                                                                     &amp#27;[90m# StepDefinitions.StepDefinitions.user_enters_phoneno(java.lang.String)&amp#27;[0m
  &amp#27;[32mAnd &amp#27;[0m&amp#27;[32muser enters email &amp#27;[0m&amp#27;[32m&amp#27;[1m"jessy@gmail.com"&amp#27;[0m                                                                                  &amp#27;[90m# StepDefinitions.StepDefinitions.user_enters_email(java.lang.String)&amp#27;[0m
  &amp#27;[32mAnd &amp#27;[0m&amp#27;[32muser enters programs &amp#27;[0m&amp#27;[32m&amp#27;[1m"<program>"&amp#27;[0m                                                                                     &amp#27;[90m# StepDefinitions.StepDefinitions.user_enters_programs(java.lang.String)&amp#27;[0m
  &amp#27;[32mAnd &amp#27;[0m&amp#27;[32muser enters country &amp#27;[0m&amp#27;[32m&amp#27;[1m"Escambia"&amp#27;[0m                                                                                       &amp#27;[90m# StepDefinitions.StepDefinitions.user_enters_country(java.lang.String)&amp#27;[0m
  &amp#27;[32mAnd &amp#27;[0m&amp#27;[32muser enters format &amp#27;[0m&amp#27;[32m&amp#27;[1m"No preference"&amp#27;[0m                                                                                   &amp#27;[90m# StepDefinitions.StepDefinitions.user_enters_format(java.lang.String)&amp#27;[0m
  &amp#27;[32mAnd &amp#27;[0m&amp#27;[32muser enters bestdescribed &amp#27;[0m&amp#27;[32m&amp#27;[1m"A community center, church, or other organization looking to host classes at my own site"&amp#27;[0m &amp#27;[90m# StepDefinitions.StepDefinitions.user_enters_bestdescribed(java.lang.String)&amp#27;[0m
  &amp#27;[32mAnd &amp#27;[0m&amp#27;[32muser enters aboutus &amp#27;[0m&amp#27;[32m&amp#27;[1m"Social Media"&amp#27;[0m                                                                                   &amp#27;[90m# StepDefinitions.StepDefinitions.user_enters_aboutus(java.lang.String)&amp#27;[0m
  &amp#27;[32mAnd &amp#27;[0m&amp#27;[32muser enters notify &amp#27;[0m&amp#27;[32m&amp#27;[1m"click"&amp#27;[0m                                                                                           &amp#27;[90m# StepDefinitions.StepDefinitions.user_enters_notify(java.lang.String)&amp#27;[0m
  &amp#27;[32mAnd &amp#27;[0m&amp#27;[32muser clicks on submit &amp#27;[0m&amp#27;[32m&amp#27;[1m"<Submit>"&amp#27;[0m                                                                                     &amp#27;[90m# StepDefinitions.StepDefinitions.user_clicks_on_submit(java.lang.String)&amp#27;[0m
  &amp#27;[32mThen &amp#27;[0m&amp#27;[32muser views message &amp#27;[0m&amp#27;[32m&amp#27;[1m"Success"&amp#27;[0m                                                                                        &amp#27;[90m# StepDefinitions.StepDefinitions.user_views_message(java.lang.String)&amp#27;[0m
Browser closed after the scenario
]]></system-out>
    <system-err><![CDATA[SLF4J: Failed to load class "org.slf4j.impl.StaticLoggerBinder".
SLF4J: Defaulting to no-operation (NOP) logger implementation
SLF4J: See http://www.slf4j.org/codes.html#StaticLoggerBinder for further details.
Sept 08, 2025 5:24:40 PM org.openqa.selenium.devtools.CdpVersionFinder findNearestMatch
WARNING: Unable to find an exact match for CDP version 139, returning the closest version; found: 135; Please update to a Selenium version that supports CDP version 139
]]></system-err>
  </testcase>
  <testcase name="runScenario[&quot;Home Page Validation&quot;, &quot;Optional[HomePage Validation]&quot;](2)" classname="TestRunner.MyTestRunner" time="9.265">
    <system-out><![CDATA[
@Regression
Scenario: Home Page Validation                 &amp#27;[90m# src/test/resources/Features/homepage.feature:4&amp#27;[0m
Browser launched before scenario
  &amp#27;[32mGiven &amp#27;[0m&amp#27;[32muser is on home page&amp#27;[0m                   &amp#27;[90m# StepDefinitions.StepDefinitions.user_is_on_home_page()&amp#27;[0m
  &amp#27;[32mAnd &amp#27;[0m&amp#27;[32muser clicks on quittobacco&amp#27;[0m               &amp#27;[90m# StepDefinitions.StepDefinitions.user_clicks_on_quittobacco()&amp#27;[0m
Title Displayed 
  &amp#27;[32mAnd &amp#27;[0m&amp#27;[32muser is navigate and views title of page&amp#27;[0m &amp#27;[90m# StepDefinitions.StepDefinitions.user_is_navigate_and_views_title_of_page()&amp#27;[0m
Browser closed after the scenario
]]></system-out>
    <system-err><![CDATA[Sept 08, 2025 5:25:15 PM org.openqa.selenium.devtools.CdpVersionFinder findNearestMatch
WARNING: Unable to find an exact match for CDP version 139, returning the closest version; found: 135; Please update to a Selenium version that supports CDP version 139
]]></system-err>
  </testcase>
  <testcase name="runScenario[&quot;Search Functionality&quot;, &quot;Optional[HomePage Validation]&quot;](3)" classname="TestRunner.MyTestRunner" time="9.814">
    <system-out><![CDATA[
@Regression
Scenario: Search Functionality           &amp#27;[90m# src/test/resources/Features/homepage.feature:10&amp#27;[0m
Browser launched before scenario
  &amp#27;[32mGiven &amp#27;[0m&amp#27;[32muser on home page&amp#27;[0m                &amp#27;[90m# StepDefinitions.StepDefinitions.user_on_home_page()&amp#27;[0m
  &amp#27;[32mAnd &amp#27;[0m&amp#27;[32muser enters books in search bar&amp#27;[0m    &amp#27;[90m# StepDefinitions.StepDefinitions.user_enters_books_in_search_bar()&amp#27;[0m
  &amp#27;[32mAnd &amp#27;[0m&amp#27;[32muser click on search button&amp#27;[0m        &amp#27;[90m# StepDefinitions.StepDefinitions.user_click_on_search_button()&amp#27;[0m
Books page displayed
  &amp#27;[32mAnd &amp#27;[0m&amp#27;[32muser is navigated to required page&amp#27;[0m &amp#27;[90m# StepDefinitions.StepDefinitions.user_is_navigated_to_required_page()&amp#27;[0m
Browser closed after the scenario
]]></system-out>
    <system-err><![CDATA[Sept 08, 2025 5:25:24 PM org.openqa.selenium.devtools.CdpVersionFinder findNearestMatch
WARNING: Unable to find an exact match for CDP version 139, returning the closest version; found: 135; Please update to a Selenium version that supports CDP version 139
]]></system-err>
  </testcase>
  <testcase name="runScenario[&quot;About page&quot;, &quot;Optional[HomePage Validation]&quot;](4)" classname="TestRunner.MyTestRunner" time="10.397">
    <system-out><![CDATA[
@Regression
Scenario: About page                  &amp#27;[90m# src/test/resources/Features/homepage.feature:17&amp#27;[0m
Browser launched before scenario
  &amp#27;[32mGiven &amp#27;[0m&amp#27;[32muser on homepage&amp#27;[0m              &amp#27;[90m# StepDefinitions.StepDefinitions.user_on_homepage()&amp#27;[0m
  &amp#27;[32mAnd &amp#27;[0m&amp#27;[32muser clicks on aboutus&amp#27;[0m          &amp#27;[90m# StepDefinitions.StepDefinitions.user_clicks_on_aboutus()&amp#27;[0m
Navigated to aboutus page
  &amp#27;[32mAnd &amp#27;[0m&amp#27;[32muser is navigated to about page&amp#27;[0m &amp#27;[90m# StepDefinitions.StepDefinitions.user_is_navigated_to_about_page()&amp#27;[0m
Browser closed after the scenario
]]></system-out>
    <system-err><![CDATA[Sept 08, 2025 5:25:34 PM org.openqa.selenium.devtools.CdpVersionFinder findNearestMatch
WARNING: Unable to find an exact match for CDP version 139, returning the closest version; found: 135; Please update to a Selenium version that supports CDP version 139
]]></system-err>
  </testcase>
</testsuite>