<?xml version="1.0" encoding="UTF-8"?>
<testng-results ignored="0" total="4" passed="4" failed="0" skipped="0">
  <reporter-output>
  </reporter-output>
  <suite started-at="2025-09-08T17:22:53 IST" name="Functional" finished-at="2025-09-08T17:24:02 IST" duration-ms="69150">
    <groups>
      <group name="cucumber">
        <method signature="AbstractTestNGCucumberTests.runScenario(io.cucumber.testng.PickleWrapper,io.cucumber.testng.FeatureWrapper)[pri:0, instance:TestRunner.MyTestRunner@7bedc48a]" name="runScenario" class="io.cucumber.testng.AbstractTestNGCucumberTests"/>
      </group> <!-- cucumber -->
    </groups>
    <test started-at="2025-09-08T17:22:53 IST" name="FunctionalTestCases" finished-at="2025-09-08T17:24:02 IST" duration-ms="69150">
      <class name="TestRunner.MyTestRunner">
        <test-method is-config="true" signature="setUpClass()[pri:0, instance:TestRunner.MyTestRunner@7bedc48a]" started-at="2025-09-08T17:22:53 IST" name="setUpClass" finished-at="2025-09-08T17:22:54 IST" duration-ms="537" status="PASS">
          <reporter-output>
          </reporter-output>
        </test-method> <!-- setUpClass -->
        <test-method signature="runScenario(io.cucumber.testng.PickleWrapper,io.cucumber.testng.FeatureWrapper)[pri:0, instance:TestRunner.MyTestRunner@7bedc48a]" started-at="2025-09-08T17:22:54 IST" name="runScenario" description="Runs Cucumber Scenarios" data-provider="scenarios" finished-at="2025-09-08T17:23:27 IST" duration-ms="33549" status="PASS">
          <params>
            <param index="0">
              <value>
                <![CDATA["Form Submission"]]>
              </value>
            </param>
            <param index="1">
              <value>
                <![CDATA["Optional[HealthCare Program HAging Form]"]]>
              </value>
            </param>
          </params>
          <reporter-output>
          </reporter-output>
        </test-method> <!-- runScenario -->
        <test-method signature="runScenario(io.cucumber.testng.PickleWrapper,io.cucumber.testng.FeatureWrapper)[pri:0, instance:TestRunner.MyTestRunner@7bedc48a]" started-at="2025-09-08T17:23:27 IST" name="runScenario" description="Runs Cucumber Scenarios" data-provider="scenarios" finished-at="2025-09-08T17:23:37 IST" duration-ms="9305" status="PASS">
          <params>
            <param index="0">
              <value>
                <![CDATA["Home Page Validation"]]>
              </value>
            </param>
            <param index="1">
              <value>
                <![CDATA["Optional[HomePage Validation]"]]>
              </value>
            </param>
          </params>
          <reporter-output>
          </reporter-output>
        </test-method> <!-- runScenario -->
        <test-method signature="runScenario(io.cucumber.testng.PickleWrapper,io.cucumber.testng.FeatureWrapper)[pri:0, instance:TestRunner.MyTestRunner@7bedc48a]" started-at="2025-09-08T17:23:37 IST" name="runScenario" description="Runs Cucumber Scenarios" data-provider="scenarios" finished-at="2025-09-08T17:23:46 IST" duration-ms="9196" status="PASS">
          <params>
            <param index="0">
              <value>
                <![CDATA["Search Functionality"]]>
              </value>
            </param>
            <param index="1">
              <value>
                <![CDATA["Optional[HomePage Validation]"]]>
              </value>
            </param>
          </params>
          <reporter-output>
          </reporter-output>
        </test-method> <!-- runScenario -->
        <test-method signature="runScenario(io.cucumber.testng.PickleWrapper,io.cucumber.testng.FeatureWrapper)[pri:0, instance:TestRunner.MyTestRunner@7bedc48a]" started-at="2025-09-08T17:23:46 IST" name="runScenario" description="Runs Cucumber Scenarios" data-provider="scenarios" finished-at="2025-09-08T17:23:59 IST" duration-ms="12710" status="PASS">
          <params>
            <param index="0">
              <value>
                <![CDATA["About page"]]>
              </value>
            </param>
            <param index="1">
              <value>
                <![CDATA["Optional[HomePage Validation]"]]>
              </value>
            </param>
          </params>
          <reporter-output>
          </reporter-output>
        </test-method> <!-- runScenario -->
        <test-method is-config="true" signature="tearDownClass()[pri:0, instance:TestRunner.MyTestRunner@7bedc48a]" started-at="2025-09-08T17:23:59 IST" name="tearDownClass" finished-at="2025-09-08T17:24:02 IST" duration-ms="3804" status="PASS">
          <reporter-output>
          </reporter-output>
        </test-method> <!-- tearDownClass -->
      </class> <!-- TestRunner.MyTestRunner -->
    </test> <!-- FunctionalTestCases -->
  </suite> <!-- Functional -->
</testng-results>
